<?xml version="1.0" encoding="UTF-8" ?>
<testsuite tests="8" failures="0" name="com.hsbc.candycrushletter.SolutionFactoryTest" time="24.904" errors="0" skipped="0">
  <properties>
[...]
</properties>
  <testcase classname="com.hsbc.candycrushletter.SolutionFactoryTest" name="com.hsbc.candycrushletter.SolutionFactoryTest.testCase5" time="0.001"/>
  <testcase classname="com.hsbc.candycrushletter.SolutionFactoryTest" name="com.hsbc.candycrushletter.SolutionFactoryTest.testCase6" time="0"/>
  <testcase classname="com.hsbc.candycrushletter.SolutionFactoryTest" name="com.hsbc.candycrushletter.SolutionFactoryTest.testCase8" time="10.536"/>
  <testcase classname="com.hsbc.candycrushletter.SolutionFactoryTest" name="com.hsbc.candycrushletter.SolutionFactoryTest.testCase2" time="0.003"/>
  <testcase classname="com.hsbc.candycrushletter.SolutionFactoryTest" name="com.hsbc.candycrushletter.SolutionFactoryTest.testCase3" time="0"/>
  <testcase classname="com.hsbc.candycrushletter.SolutionFactoryTest" name="com.hsbc.candycrushletter.SolutionFactoryTest.testCase4" time="14.364"/>
  <testcase classname="com.hsbc.candycrushletter.SolutionFactoryTest" name="com.hsbc.candycrushletter.SolutionFactoryTest.testCase1" time="0"/>
  <testcase classname="com.hsbc.candycrushletter.SolutionFactoryTest" name="com.hsbc.candycrushletter.SolutionFactoryTest.testCase7" time="0"/>
</testsuite>